<?xml version="1.0" encoding="UTF-8"?>
<!-- Generated by org.testng.reporters.JUnitReportReporter -->
<testsuite hostname="01250LT2368" name="testCase.TestCaseForCreateIndiviualProviderAc" tests="15" failures="0" timestamp="20 Jan 2016 20:11:20 GMT" time="69.241" errors="0">
  <testcase name="validLoginForNewAcCreate" time="10.954" classname="testCase.TestCaseForCreateIndiviualProviderAc"/>
  <testcase name="blankSubmit" time="2.948" classname="testCase.TestCaseForCreateIndiviualProviderAc"/>
  <testcase name="lastNameVerify" time="1.153" classname="testCase.TestCaseForCreateIndiviualProviderAc"/>
  <testcase name="blankSubmit" time="3.600" classname="testCase.TestCaseForCreateIndiviualProviderAc"/>
  <testcase name="validLoginForNewAcCreate" time="15.343" classname="testCase.TestCaseForCreateIndiviualProviderAc"/>
  <testcase name="EmailVerify" time="1.032" classname="testCase.TestCaseForCreateIndiviualProviderAc"/>
  <testcase name="createANewAcc" time="6.234" classname="testCase.TestCaseForCreateIndiviualProviderAc"/>
  <testcase name="createANewAcc" time="2.873" classname="testCase.TestCaseForCreateIndiviualProviderAc"/>
  <testcase name="createANewAcc" time="2.308" classname="testCase.TestCaseForCreateIndiviualProviderAc"/>
  <testcase name="validLoginForNewAcCreate" time="10.395" classname="testCase.TestCaseForCreateIndiviualProviderAc"/>
  <testcase name="lastNameVerify" time="2.764" classname="testCase.TestCaseForCreateIndiviualProviderAc"/>
  <testcase name="lastNameVerify" time="0.956" classname="testCase.TestCaseForCreateIndiviualProviderAc"/>
  <testcase name="EmailVerify" time="3.896" classname="testCase.TestCaseForCreateIndiviualProviderAc"/>
  <testcase name="blankSubmit" time="3.285" classname="testCase.TestCaseForCreateIndiviualProviderAc"/>
  <testcase name="EmailVerify" time="1.500" classname="testCase.TestCaseForCreateIndiviualProviderAc"/>
</testsuite> <!-- testCase.TestCaseForCreateIndiviualProviderAc -->
