<?xml version="1.0" encoding="UTF-8"?>
<!-- Generated by org.testng.reporters.JUnitReportReporter -->
<testsuite hostname="01250LT2368" name="testCase.TestCaseForLogin" tests="24" failures="0" timestamp="22 Jan 2016 20:51:17 GMT" time="64.085" errors="0">
  <testcase name="verifyRemebarMeCheckBox" time="1.145" classname="testCase.TestCaseForLogin"/>
  <testcase name="logIn" time="6.186" classname="testCase.TestCaseForLogin"/>
  <testcase name="logIn" time="5.944" classname="testCase.TestCaseForLogin"/>
  <testcase name="validLogin" time="1.922" classname="testCase.TestCaseForLogin"/>
  <testcase name="verifyRemebarMeCheckBox" time="0.567" classname="testCase.TestCaseForLogin"/>
  <testcase name="logIn" time="8.152" classname="testCase.TestCaseForLogin"/>
  <testcase name="verifyTitle" time="0.223" classname="testCase.TestCaseForLogin"/>
  <testcase name="verifyInvalidID" time="0.926" classname="testCase.TestCaseForLogin"/>
  <testcase name="verifyInvalidPassword" time="4.827" classname="testCase.TestCaseForLogin"/>
  <testcase name="logout" time="10.490" classname="testCase.TestCaseForLogin"/>
  <testcase name="validLogin" time="0.811" classname="testCase.TestCaseForLogin"/>
  <testcase name="verifyInvalidIDBlank" time="3.533" classname="testCase.TestCaseForLogin"/>
  <testcase name="verifyTitle" time="0.255" classname="testCase.TestCaseForLogin"/>
  <testcase name="verifyInvalidID" time="3.708" classname="testCase.TestCaseForLogin"/>
  <testcase name="verifyInvalidIDBlank" time="3.054" classname="testCase.TestCaseForLogin"/>
  <testcase name="verifyInvalidPassword" time="3.611" classname="testCase.TestCaseForLogin"/>
  <testcase name="verifyInvalidPassword" time="1.125" classname="testCase.TestCaseForLogin"/>
  <testcase name="validLogin" time="0.598" classname="testCase.TestCaseForLogin"/>
  <testcase name="verifyInvalidID" time="2.647" classname="testCase.TestCaseForLogin"/>
  <testcase name="verifyRemebarMeCheckBox" time="1.819" classname="testCase.TestCaseForLogin"/>
  <testcase name="logout" time="0.624" classname="testCase.TestCaseForLogin"/>
  <testcase name="verifyInvalidIDBlank" time="1.201" classname="testCase.TestCaseForLogin"/>
  <testcase name="verifyTitle" time="0.230" classname="testCase.TestCaseForLogin"/>
  <testcase name="logout" time="0.487" classname="testCase.TestCaseForLogin"/>
</testsuite> <!-- testCase.TestCaseForLogin -->
