<?xml version="1.0" encoding="UTF-8"?>
<!-- Generated by org.testng.reporters.JUnitReportReporter -->
<testsuite hostname="01250LT2368" name="testCase.TestCaseForLogin" tests="24" failures="0" timestamp="19 Jan 2016 16:27:47 GMT" time="64.512" errors="0">
  <testcase name="verifyInvalidIDBlank" time="3.946" classname="testCase.TestCaseForLogin"/>
  <testcase name="logout" time="0.515" classname="testCase.TestCaseForLogin"/>
  <testcase name="verifyInvalidID" time="2.614" classname="testCase.TestCaseForLogin"/>
  <testcase name="verifyRemebarMeCheckBox" time="1.266" classname="testCase.TestCaseForLogin"/>
  <testcase name="logIn" time="5.082" classname="testCase.TestCaseForLogin"/>
  <testcase name="verifyInvalidID" time="2.423" classname="testCase.TestCaseForLogin"/>
  <testcase name="logIn" time="18.076" classname="testCase.TestCaseForLogin"/>
  <testcase name="verifyTitle" time="0.241" classname="testCase.TestCaseForLogin"/>
  <testcase name="verifyTitle" time="0.221" classname="testCase.TestCaseForLogin"/>
  <testcase name="verifyInvalidPassword" time="3.118" classname="testCase.TestCaseForLogin"/>
  <testcase name="verifyInvalidIDBlank" time="4.265" classname="testCase.TestCaseForLogin"/>
  <testcase name="logIn" time="4.937" classname="testCase.TestCaseForLogin"/>
  <testcase name="logout" time="0.538" classname="testCase.TestCaseForLogin"/>
  <testcase name="verifyInvalidID" time="2.618" classname="testCase.TestCaseForLogin"/>
  <testcase name="verifyInvalidPassword" time="2.980" classname="testCase.TestCaseForLogin"/>
  <testcase name="verifyRemebarMeCheckBox" time="1.155" classname="testCase.TestCaseForLogin"/>
  <testcase name="validLogin" time="0.874" classname="testCase.TestCaseForLogin"/>
  <testcase name="verifyRemebarMeCheckBox" time="1.143" classname="testCase.TestCaseForLogin"/>
  <testcase name="verifyTitle" time="0.246" classname="testCase.TestCaseForLogin"/>
  <testcase name="verifyInvalidIDBlank" time="2.783" classname="testCase.TestCaseForLogin"/>
  <testcase name="verifyInvalidPassword" time="3.330" classname="testCase.TestCaseForLogin"/>
  <testcase name="logout" time="0.478" classname="testCase.TestCaseForLogin"/>
  <testcase name="validLogin" time="0.758" classname="testCase.TestCaseForLogin"/>
  <testcase name="validLogin" time="0.905" classname="testCase.TestCaseForLogin"/>
</testsuite> <!-- testCase.TestCaseForLogin -->
