<?xml version="1.0" encoding="UTF-8"?>
<!-- Generated by org.testng.reporters.JUnitReportReporter -->
<testsuite hostname="01250LT2368" name="testCase.TestCaseForLogin" tests="24" failures="0" timestamp="22 Jan 2016 17:40:13 GMT" time="68.128" errors="0">
  <testcase name="validLogin" time="0.904" classname="testCase.TestCaseForLogin"/>
  <testcase name="verifyTitle" time="0.380" classname="testCase.TestCaseForLogin"/>
  <testcase name="verifyInvalidID" time="2.263" classname="testCase.TestCaseForLogin"/>
  <testcase name="verifyRemebarMeCheckBox" time="0.965" classname="testCase.TestCaseForLogin"/>
  <testcase name="verifyTitle" time="0.224" classname="testCase.TestCaseForLogin"/>
  <testcase name="logout" time="0.498" classname="testCase.TestCaseForLogin"/>
  <testcase name="logIn" time="7.435" classname="testCase.TestCaseForLogin"/>
  <testcase name="verifyInvalidIDBlank" time="3.636" classname="testCase.TestCaseForLogin"/>
  <testcase name="verifyInvalidIDBlank" time="2.856" classname="testCase.TestCaseForLogin"/>
  <testcase name="verifyTitle" time="0.236" classname="testCase.TestCaseForLogin"/>
  <testcase name="logIn" time="6.642" classname="testCase.TestCaseForLogin"/>
  <testcase name="logIn" time="6.571" classname="testCase.TestCaseForLogin"/>
  <testcase name="verifyInvalidID" time="4.518" classname="testCase.TestCaseForLogin"/>
  <testcase name="logout" time="0.494" classname="testCase.TestCaseForLogin"/>
  <testcase name="verifyInvalidIDBlank" time="1.284" classname="testCase.TestCaseForLogin"/>
  <testcase name="verifyRemebarMeCheckBox" time="1.183" classname="testCase.TestCaseForLogin"/>
  <testcase name="verifyRemebarMeCheckBox" time="2.429" classname="testCase.TestCaseForLogin"/>
  <testcase name="verifyInvalidID" time="0.974" classname="testCase.TestCaseForLogin"/>
  <testcase name="verifyInvalidPassword" time="1.418" classname="testCase.TestCaseForLogin"/>
  <testcase name="verifyInvalidPassword" time="5.700" classname="testCase.TestCaseForLogin"/>
  <testcase name="verifyInvalidPassword" time="2.964" classname="testCase.TestCaseForLogin"/>
  <testcase name="validLogin" time="0.702" classname="testCase.TestCaseForLogin"/>
  <testcase name="validLogin" time="3.243" classname="testCase.TestCaseForLogin"/>
  <testcase name="logout" time="10.609" classname="testCase.TestCaseForLogin"/>
</testsuite> <!-- testCase.TestCaseForLogin -->
