<?xml version="1.0" encoding="UTF-8"?>
<!-- Generated by org.testng.reporters.JUnitReportReporter -->
<testsuite hostname="01250LT2368" name="testCase.TestCaseForLogin" tests="24" failures="0" timestamp="20 Jan 2016 20:11:20 GMT" time="63.190" errors="0">
  <testcase name="validLogin" time="0.614" classname="testCase.TestCaseForLogin"/>
  <testcase name="validLogin" time="1.812" classname="testCase.TestCaseForLogin"/>
  <testcase name="verifyTitle" time="0.242" classname="testCase.TestCaseForLogin"/>
  <testcase name="verifyInvalidPassword" time="1.132" classname="testCase.TestCaseForLogin"/>
  <testcase name="verifyInvalidPassword" time="3.972" classname="testCase.TestCaseForLogin"/>
  <testcase name="logIn" time="6.380" classname="testCase.TestCaseForLogin"/>
  <testcase name="logIn" time="7.842" classname="testCase.TestCaseForLogin"/>
  <testcase name="logout" time="11.269" classname="testCase.TestCaseForLogin"/>
  <testcase name="logIn" time="5.723" classname="testCase.TestCaseForLogin"/>
  <testcase name="logout" time="0.449" classname="testCase.TestCaseForLogin"/>
  <testcase name="verifyInvalidIDBlank" time="2.991" classname="testCase.TestCaseForLogin"/>
  <testcase name="verifyRemebarMeCheckBox" time="1.897" classname="testCase.TestCaseForLogin"/>
  <testcase name="verifyInvalidIDBlank" time="1.205" classname="testCase.TestCaseForLogin"/>
  <testcase name="verifyRemebarMeCheckBox" time="1.142" classname="testCase.TestCaseForLogin"/>
  <testcase name="verifyTitle" time="0.295" classname="testCase.TestCaseForLogin"/>
  <testcase name="verifyInvalidPassword" time="3.219" classname="testCase.TestCaseForLogin"/>
  <testcase name="verifyInvalidID" time="3.375" classname="testCase.TestCaseForLogin"/>
  <testcase name="verifyInvalidID" time="0.963" classname="testCase.TestCaseForLogin"/>
  <testcase name="verifyTitle" time="0.297" classname="testCase.TestCaseForLogin"/>
  <testcase name="verifyRemebarMeCheckBox" time="1.066" classname="testCase.TestCaseForLogin"/>
  <testcase name="verifyInvalidIDBlank" time="3.725" classname="testCase.TestCaseForLogin"/>
  <testcase name="logout" time="0.559" classname="testCase.TestCaseForLogin"/>
  <testcase name="validLogin" time="0.743" classname="testCase.TestCaseForLogin"/>
  <testcase name="verifyInvalidID" time="2.278" classname="testCase.TestCaseForLogin"/>
</testsuite> <!-- testCase.TestCaseForLogin -->
