<?xml version="1.0" encoding="UTF-8"?>
<!-- Generated by org.testng.reporters.JUnitReportReporter -->
<testsuite hostname="01250LT2368" name="testCase.TestCaseForCreateIndiviualProviderAc" tests="15" failures="0" timestamp="19 Jan 2016 16:27:47 GMT" time="55.360" errors="0">
  <testcase name="lastNameVerify" time="0.909" classname="testCase.TestCaseForCreateIndiviualProviderAc"/>
  <testcase name="validLoginForNewAcCreate" time="11.200" classname="testCase.TestCaseForCreateIndiviualProviderAc"/>
  <testcase name="blankSubmit" time="2.892" classname="testCase.TestCaseForCreateIndiviualProviderAc"/>
  <testcase name="validLoginForNewAcCreate" time="10.797" classname="testCase.TestCaseForCreateIndiviualProviderAc"/>
  <testcase name="createANewAcc" time="2.396" classname="testCase.TestCaseForCreateIndiviualProviderAc"/>
  <testcase name="validLoginForNewAcCreate" time="11.753" classname="testCase.TestCaseForCreateIndiviualProviderAc"/>
  <testcase name="createANewAcc" time="2.475" classname="testCase.TestCaseForCreateIndiviualProviderAc"/>
  <testcase name="EmailVerify" time="1.087" classname="testCase.TestCaseForCreateIndiviualProviderAc"/>
  <testcase name="blankSubmit" time="2.765" classname="testCase.TestCaseForCreateIndiviualProviderAc"/>
  <testcase name="EmailVerify" time="1.084" classname="testCase.TestCaseForCreateIndiviualProviderAc"/>
  <testcase name="lastNameVerify" time="0.970" classname="testCase.TestCaseForCreateIndiviualProviderAc"/>
  <testcase name="blankSubmit" time="2.784" classname="testCase.TestCaseForCreateIndiviualProviderAc"/>
  <testcase name="createANewAcc" time="2.130" classname="testCase.TestCaseForCreateIndiviualProviderAc"/>
  <testcase name="EmailVerify" time="1.129" classname="testCase.TestCaseForCreateIndiviualProviderAc"/>
  <testcase name="lastNameVerify" time="0.989" classname="testCase.TestCaseForCreateIndiviualProviderAc"/>
</testsuite> <!-- testCase.TestCaseForCreateIndiviualProviderAc -->
